Traceback (most recent call last):
  File "/home/brad/miniconda3/envs/pycourse/lib/python3.8/site-packages/jupyter_cache/executors/utils.py", line 51, in single_nb_execution
    executenb(
  File "/home/brad/miniconda3/envs/pycourse/lib/python3.8/site-packages/nbclient/client.py", line 1077, in execute
    return NotebookClient(nb=nb, resources=resources, km=km, **kwargs).execute()
  File "/home/brad/miniconda3/envs/pycourse/lib/python3.8/site-packages/nbclient/util.py", line 74, in wrapped
    return just_run(coro(*args, **kwargs))
  File "/home/brad/miniconda3/envs/pycourse/lib/python3.8/site-packages/nbclient/util.py", line 53, in just_run
    return loop.run_until_complete(coro)
  File "/home/brad/miniconda3/envs/pycourse/lib/python3.8/asyncio/base_events.py", line 616, in run_until_complete
    return future.result()
  File "/home/brad/miniconda3/envs/pycourse/lib/python3.8/site-packages/nbclient/client.py", line 526, in async_execute
    await self.async_execute_cell(
  File "/home/brad/miniconda3/envs/pycourse/lib/python3.8/site-packages/nbclient/client.py", line 822, in async_execute_cell
    self._check_raise_for_error(cell, exec_reply)
  File "/home/brad/miniconda3/envs/pycourse/lib/python3.8/site-packages/nbclient/client.py", line 730, in _check_raise_for_error
    raise CellExecutionError.from_cell_and_msg(cell, exec_reply['content'])
nbclient.exceptions.CellExecutionError: An error occurred while executing the following cell:
------------------
# compute maximum matching
match = bipartite.maximum_matching(B)
match
------------------

[0;31m---------------------------------------------------------------------------[0m
[0;31mAmbiguousSolution[0m                         Traceback (most recent call last)
[0;32m<ipython-input-27-7b018e4cdeff>[0m in [0;36m<module>[0;34m[0m
[1;32m      1[0m [0;31m# compute maximum matching[0m[0;34m[0m[0;34m[0m[0;34m[0m[0m
[0;32m----> 2[0;31m [0mmatch[0m [0;34m=[0m [0mbipartite[0m[0;34m.[0m[0mmaximum_matching[0m[0;34m([0m[0mB[0m[0;34m)[0m[0;34m[0m[0;34m[0m[0m
[0m[1;32m      3[0m [0mmatch[0m[0;34m[0m[0;34m[0m[0m

[0;32m~/miniconda3/envs/pycourse/lib/python3.8/site-packages/networkx/algorithms/bipartite/matching.py[0m in [0;36mhopcroft_karp_matching[0;34m(G, top_nodes)[0m
[1;32m    152[0m [0;34m[0m[0m
[1;32m    153[0m     [0;31m# Initialize the "global" variables that maintain state during the search.[0m[0;34m[0m[0;34m[0m[0;34m[0m[0m
[0;32m--> 154[0;31m     [0mleft[0m[0;34m,[0m [0mright[0m [0;34m=[0m [0mbipartite_sets[0m[0;34m([0m[0mG[0m[0;34m,[0m [0mtop_nodes[0m[0;34m)[0m[0;34m[0m[0;34m[0m[0m
[0m[1;32m    155[0m     [0mleftmatches[0m [0;34m=[0m [0;34m{[0m[0mv[0m[0;34m:[0m [0;32mNone[0m [0;32mfor[0m [0mv[0m [0;32min[0m [0mleft[0m[0;34m}[0m[0;34m[0m[0;34m[0m[0m
[1;32m    156[0m     [0mrightmatches[0m [0;34m=[0m [0;34m{[0m[0mv[0m[0;34m:[0m [0;32mNone[0m [0;32mfor[0m [0mv[0m [0;32min[0m [0mright[0m[0;34m}[0m[0;34m[0m[0;34m[0m[0m

[0;32m~/miniconda3/envs/pycourse/lib/python3.8/site-packages/networkx/algorithms/bipartite/basic.py[0m in [0;36msets[0;34m(G, top_nodes)[0m
[1;32m    199[0m         [0;32mif[0m [0;32mnot[0m [0mis_connected[0m[0;34m([0m[0mG[0m[0;34m)[0m[0;34m:[0m[0;34m[0m[0;34m[0m[0m
[1;32m    200[0m             [0mmsg[0m [0;34m=[0m [0;34m"Disconnected graph: Ambiguous solution for bipartite sets."[0m[0;34m[0m[0;34m[0m[0m
[0;32m--> 201[0;31m             [0;32mraise[0m [0mnx[0m[0;34m.[0m[0mAmbiguousSolution[0m[0;34m([0m[0mmsg[0m[0;34m)[0m[0;34m[0m[0;34m[0m[0m
[0m[1;32m    202[0m         [0mc[0m [0;34m=[0m [0mcolor[0m[0;34m([0m[0mG[0m[0;34m)[0m[0;34m[0m[0;34m[0m[0m
[1;32m    203[0m         [0mX[0m [0;34m=[0m [0;34m{[0m[0mn[0m [0;32mfor[0m [0mn[0m[0;34m,[0m [0mis_top[0m [0;32min[0m [0mc[0m[0;34m.[0m[0mitems[0m[0;34m([0m[0;34m)[0m [0;32mif[0m [0mis_top[0m[0;34m}[0m[0;34m[0m[0;34m[0m[0m

[0;31mAmbiguousSolution[0m: Disconnected graph: Ambiguous solution for bipartite sets.
AmbiguousSolution: Disconnected graph: Ambiguous solution for bipartite sets.

